<?xml version="1.0" encoding="UTF-8"?>
<testng-results ignored="0" total="1" passed="1" failed="0" skipped="0">
  <reporter-output>
  </reporter-output>
  <suite started-at="2023-01-23T16:25:31 IST" name="OpencartSuite" finished-at="2023-01-23T16:26:02 IST" duration-ms="30915">
    <groups>
    </groups>
    <test started-at="2023-01-23T16:25:31 IST" name="OpencartTest" finished-at="2023-01-23T16:26:02 IST" duration-ms="30915">
      <class name="testCases.TC_001_AccountRegistrationTest">
        <test-method is-config="true" signature="setup(java.lang.String)[pri:0, instance:testCases.TC_001_AccountRegistrationTest@7fa98a66]" started-at="2023-01-23T16:25:34 IST" name="setup" finished-at="2023-01-23T16:25:55 IST" duration-ms="21490" status="PASS">
          <params>
            <param index="0">
              <value>
                <![CDATA[chrome]]>
              </value>
            </param>
          </params>
          <reporter-output>
          </reporter-output>
        </test-method> <!-- setup -->
        <test-method signature="test_account_Registration()[pri:0, instance:testCases.TC_001_AccountRegistrationTest@7fa98a66]" started-at="2023-01-23T16:25:55 IST" name="test_account_Registration" finished-at="2023-01-23T16:26:02 IST" duration-ms="6399" status="PASS">
          <reporter-output>
          </reporter-output>
        </test-method> <!-- test_account_Registration -->
        <test-method is-config="true" signature="tearDown()[pri:0, instance:testCases.TC_001_AccountRegistrationTest@7fa98a66]" started-at="2023-01-23T16:26:02 IST" name="tearDown" finished-at="2023-01-23T16:26:02 IST" duration-ms="577" status="PASS">
          <reporter-output>
          </reporter-output>
        </test-method> <!-- tearDown -->
      </class> <!-- testCases.TC_001_AccountRegistrationTest -->
    </test> <!-- OpencartTest -->
  </suite> <!-- OpencartSuite -->
</testng-results>
